<?xml version="1.0" encoding="UTF-8"?>
<testng-results ignored="0" total="1" passed="0" failed="1" skipped="0">
  <reporter-output>
  </reporter-output>
  <suite started-at="2023-12-14T21:06:47 PST" name="Default suite" finished-at="2023-12-14T21:10:27 PST" duration-ms="219336">
    <groups>
    </groups>
    <test started-at="2023-12-14T21:06:47 PST" name="Default test" finished-at="2023-12-14T21:10:27 PST" duration-ms="219336">
      <class name="RecipeScrapping.HyperTension">
        <test-method is-config="true" signature="lauch_website()[pri:0, instance:RecipeScrapping.HyperTension@350aac89]" started-at="2023-12-14T21:06:47 PST" name="lauch_website" finished-at="2023-12-14T21:07:42 PST" duration-ms="54971" status="PASS">
          <reporter-output>
          </reporter-output>
        </test-method> <!-- lauch_website -->
        <test-method signature="search_for_recipes_hypertension()[pri:0, instance:RecipeScrapping.HyperTension@350aac89]" started-at="2023-12-14T21:07:42 PST" name="search_for_recipes_hypertension" finished-at="2023-12-14T21:10:27 PST" duration-ms="164294" status="FAIL">
          <exception class="java.lang.NullPointerException">
            <message>
              <![CDATA[Cannot invoke "org.openqa.selenium.WebDriver.findElements(org.openqa.selenium.By)" because "RecipeScrapping.HyperTension.driver" is null]]>
            </message>
            <full-stacktrace>
              <![CDATA[java.lang.NullPointerException: Cannot invoke "org.openqa.selenium.WebDriver.findElements(org.openqa.selenium.By)" because "RecipeScrapping.HyperTension.driver" is null
at RecipeScrapping.HyperTension.scrape_recipes(HyperTension.java:182)
at RecipeScrapping.HyperTension.search_for_recipes_hypertension(HyperTension.java:169)
at java.base/jdk.internal.reflect.NativeMethodAccessorImpl.invoke0(Native Method)
at java.base/jdk.internal.reflect.NativeMethodAccessorImpl.invoke(NativeMethodAccessorImpl.java:77)
at java.base/jdk.internal.reflect.DelegatingMethodAccessorImpl.invoke(DelegatingMethodAccessorImpl.java:43)
at java.base/java.lang.reflect.Method.invoke(Method.java:568)
at org.testng.internal.invokers.MethodInvocationHelper.invokeMethod(MethodInvocationHelper.java:139)
at org.testng.internal.invokers.TestInvoker.invokeMethod(TestInvoker.java:677)
at org.testng.internal.invokers.TestInvoker.invokeTestMethod(TestInvoker.java:221)
at org.testng.internal.invokers.MethodRunner.runInSequence(MethodRunner.java:50)
at org.testng.internal.invokers.TestInvoker$MethodInvocationAgent.invoke(TestInvoker.java:969)
at org.testng.internal.invokers.TestInvoker.invokeTestMethods(TestInvoker.java:194)
at org.testng.internal.invokers.TestMethodWorker.invokeTestMethods(TestMethodWorker.java:148)
at org.testng.internal.invokers.TestMethodWorker.run(TestMethodWorker.java:128)
at java.base/java.util.ArrayList.forEach(ArrayList.java:1511)
at org.testng.TestRunner.privateRun(TestRunner.java:829)
at org.testng.TestRunner.run(TestRunner.java:602)
at org.testng.SuiteRunner.runTest(SuiteRunner.java:437)
at org.testng.SuiteRunner.runSequentially(SuiteRunner.java:431)
at org.testng.SuiteRunner.privateRun(SuiteRunner.java:391)
at org.testng.SuiteRunner.run(SuiteRunner.java:330)
at org.testng.SuiteRunnerWorker.runSuite(SuiteRunnerWorker.java:52)
at org.testng.SuiteRunnerWorker.run(SuiteRunnerWorker.java:95)
at org.testng.TestNG.runSuitesSequentially(TestNG.java:1256)
at org.testng.TestNG.runSuitesLocally(TestNG.java:1176)
at org.testng.TestNG.runSuites(TestNG.java:1099)
at org.testng.TestNG.run(TestNG.java:1067)
at org.testng.remote.AbstractRemoteTestNG.run(AbstractRemoteTestNG.java:115)
at org.testng.remote.RemoteTestNG.initAndRun(RemoteTestNG.java:251)
at org.testng.remote.RemoteTestNG.main(RemoteTestNG.java:77)
]]>
            </full-stacktrace>
          </exception> <!-- java.lang.NullPointerException -->
          <reporter-output>
          </reporter-output>
        </test-method> <!-- search_for_recipes_hypertension -->
      </class> <!-- RecipeScrapping.HyperTension -->
    </test> <!-- Default test -->
  </suite> <!-- Default suite -->
</testng-results>
